[2024-11-24T00:00:03.685+0000] {processor.py:186} INFO - Started process (PID=1124) to work on /opt/airflow/dags/cdm.py
[2024-11-24T00:00:03.685+0000] {processor.py:914} INFO - Processing file /opt/airflow/dags/cdm.py for tasks to queue
[2024-11-24T00:00:03.687+0000] {logging_mixin.py:190} INFO - [2024-11-24T00:00:03.686+0000] {dagbag.py:588} INFO - Filling up the DagBag from /opt/airflow/dags/cdm.py
[2024-11-24T00:00:03.746+0000] {processor.py:925} INFO - DAG(s) 'trigger_cdm_task' retrieved from /opt/airflow/dags/cdm.py
[2024-11-24T00:00:03.771+0000] {logging_mixin.py:190} INFO - [2024-11-24T00:00:03.770+0000] {dag.py:3239} INFO - Sync 1 DAGs
[2024-11-24T00:00:03.784+0000] {logging_mixin.py:190} INFO - [2024-11-24T00:00:03.784+0000] {dag.py:4180} INFO - Setting next_dagrun for trigger_cdm_task to None, run_after=None
[2024-11-24T00:00:03.801+0000] {processor.py:208} INFO - Processing /opt/airflow/dags/cdm.py took 0.123 seconds
[2024-11-24T00:00:33.977+0000] {processor.py:186} INFO - Started process (PID=1134) to work on /opt/airflow/dags/cdm.py
[2024-11-24T00:00:33.978+0000] {processor.py:914} INFO - Processing file /opt/airflow/dags/cdm.py for tasks to queue
[2024-11-24T00:00:33.979+0000] {logging_mixin.py:190} INFO - [2024-11-24T00:00:33.979+0000] {dagbag.py:588} INFO - Filling up the DagBag from /opt/airflow/dags/cdm.py
[2024-11-24T00:00:34.040+0000] {processor.py:925} INFO - DAG(s) 'trigger_cdm_task' retrieved from /opt/airflow/dags/cdm.py
[2024-11-24T00:00:34.062+0000] {logging_mixin.py:190} INFO - [2024-11-24T00:00:34.062+0000] {dag.py:3239} INFO - Sync 1 DAGs
[2024-11-24T00:00:34.075+0000] {logging_mixin.py:190} INFO - [2024-11-24T00:00:34.075+0000] {dag.py:4180} INFO - Setting next_dagrun for trigger_cdm_task to None, run_after=None
[2024-11-24T00:00:34.092+0000] {processor.py:208} INFO - Processing /opt/airflow/dags/cdm.py took 0.120 seconds
[2024-11-24T00:01:04.326+0000] {processor.py:186} INFO - Started process (PID=1144) to work on /opt/airflow/dags/cdm.py
[2024-11-24T00:01:04.403+0000] {processor.py:914} INFO - Processing file /opt/airflow/dags/cdm.py for tasks to queue
[2024-11-24T00:01:04.404+0000] {logging_mixin.py:190} INFO - [2024-11-24T00:01:04.404+0000] {dagbag.py:588} INFO - Filling up the DagBag from /opt/airflow/dags/cdm.py
[2024-11-24T00:01:04.460+0000] {processor.py:925} INFO - DAG(s) 'trigger_cdm_task' retrieved from /opt/airflow/dags/cdm.py
[2024-11-24T00:01:04.482+0000] {logging_mixin.py:190} INFO - [2024-11-24T00:01:04.482+0000] {dag.py:3239} INFO - Sync 1 DAGs
[2024-11-24T00:01:04.495+0000] {logging_mixin.py:190} INFO - [2024-11-24T00:01:04.494+0000] {dag.py:4180} INFO - Setting next_dagrun for trigger_cdm_task to None, run_after=None
[2024-11-24T00:01:04.510+0000] {processor.py:208} INFO - Processing /opt/airflow/dags/cdm.py took 0.190 seconds
[2024-11-24T00:01:34.841+0000] {processor.py:186} INFO - Started process (PID=1154) to work on /opt/airflow/dags/cdm.py
[2024-11-24T00:01:34.841+0000] {processor.py:914} INFO - Processing file /opt/airflow/dags/cdm.py for tasks to queue
[2024-11-24T00:01:34.843+0000] {logging_mixin.py:190} INFO - [2024-11-24T00:01:34.843+0000] {dagbag.py:588} INFO - Filling up the DagBag from /opt/airflow/dags/cdm.py
[2024-11-24T00:01:34.897+0000] {processor.py:925} INFO - DAG(s) 'trigger_cdm_task' retrieved from /opt/airflow/dags/cdm.py
[2024-11-24T00:01:34.919+0000] {logging_mixin.py:190} INFO - [2024-11-24T00:01:34.918+0000] {dag.py:3239} INFO - Sync 1 DAGs
[2024-11-24T00:01:34.933+0000] {logging_mixin.py:190} INFO - [2024-11-24T00:01:34.933+0000] {dag.py:4180} INFO - Setting next_dagrun for trigger_cdm_task to None, run_after=None
[2024-11-24T00:01:34.948+0000] {processor.py:208} INFO - Processing /opt/airflow/dags/cdm.py took 0.112 seconds
[2024-11-24T00:02:05.226+0000] {processor.py:186} INFO - Started process (PID=1164) to work on /opt/airflow/dags/cdm.py
[2024-11-24T00:02:05.273+0000] {processor.py:914} INFO - Processing file /opt/airflow/dags/cdm.py for tasks to queue
[2024-11-24T00:02:05.274+0000] {logging_mixin.py:190} INFO - [2024-11-24T00:02:05.274+0000] {dagbag.py:588} INFO - Filling up the DagBag from /opt/airflow/dags/cdm.py
[2024-11-24T00:02:05.331+0000] {processor.py:925} INFO - DAG(s) 'trigger_cdm_task' retrieved from /opt/airflow/dags/cdm.py
[2024-11-24T00:02:05.353+0000] {logging_mixin.py:190} INFO - [2024-11-24T00:02:05.353+0000] {dag.py:3239} INFO - Sync 1 DAGs
[2024-11-24T00:02:05.367+0000] {logging_mixin.py:190} INFO - [2024-11-24T00:02:05.367+0000] {dag.py:4180} INFO - Setting next_dagrun for trigger_cdm_task to None, run_after=None
[2024-11-24T00:02:05.406+0000] {processor.py:208} INFO - Processing /opt/airflow/dags/cdm.py took 0.186 seconds
[2024-11-24T00:02:35.723+0000] {processor.py:186} INFO - Started process (PID=1174) to work on /opt/airflow/dags/cdm.py
[2024-11-24T00:02:35.724+0000] {processor.py:914} INFO - Processing file /opt/airflow/dags/cdm.py for tasks to queue
[2024-11-24T00:02:35.725+0000] {logging_mixin.py:190} INFO - [2024-11-24T00:02:35.725+0000] {dagbag.py:588} INFO - Filling up the DagBag from /opt/airflow/dags/cdm.py
[2024-11-24T00:02:35.779+0000] {processor.py:925} INFO - DAG(s) 'trigger_cdm_task' retrieved from /opt/airflow/dags/cdm.py
[2024-11-24T00:02:35.800+0000] {logging_mixin.py:190} INFO - [2024-11-24T00:02:35.800+0000] {dag.py:3239} INFO - Sync 1 DAGs
[2024-11-24T00:02:35.815+0000] {logging_mixin.py:190} INFO - [2024-11-24T00:02:35.814+0000] {dag.py:4180} INFO - Setting next_dagrun for trigger_cdm_task to None, run_after=None
[2024-11-24T00:02:35.853+0000] {processor.py:208} INFO - Processing /opt/airflow/dags/cdm.py took 0.135 seconds
[2024-11-24T00:03:06.120+0000] {processor.py:186} INFO - Started process (PID=1184) to work on /opt/airflow/dags/cdm.py
[2024-11-24T00:03:06.153+0000] {processor.py:914} INFO - Processing file /opt/airflow/dags/cdm.py for tasks to queue
[2024-11-24T00:03:06.154+0000] {logging_mixin.py:190} INFO - [2024-11-24T00:03:06.154+0000] {dagbag.py:588} INFO - Filling up the DagBag from /opt/airflow/dags/cdm.py
[2024-11-24T00:03:06.208+0000] {processor.py:925} INFO - DAG(s) 'trigger_cdm_task' retrieved from /opt/airflow/dags/cdm.py
[2024-11-24T00:03:06.230+0000] {logging_mixin.py:190} INFO - [2024-11-24T00:03:06.230+0000] {dag.py:3239} INFO - Sync 1 DAGs
[2024-11-24T00:03:06.244+0000] {logging_mixin.py:190} INFO - [2024-11-24T00:03:06.243+0000] {dag.py:4180} INFO - Setting next_dagrun for trigger_cdm_task to None, run_after=None
[2024-11-24T00:03:06.258+0000] {processor.py:208} INFO - Processing /opt/airflow/dags/cdm.py took 0.145 seconds
[2024-11-24T00:03:36.557+0000] {processor.py:186} INFO - Started process (PID=1194) to work on /opt/airflow/dags/cdm.py
[2024-11-24T00:03:36.558+0000] {processor.py:914} INFO - Processing file /opt/airflow/dags/cdm.py for tasks to queue
[2024-11-24T00:03:36.559+0000] {logging_mixin.py:190} INFO - [2024-11-24T00:03:36.558+0000] {dagbag.py:588} INFO - Filling up the DagBag from /opt/airflow/dags/cdm.py
[2024-11-24T00:03:36.613+0000] {processor.py:925} INFO - DAG(s) 'trigger_cdm_task' retrieved from /opt/airflow/dags/cdm.py
[2024-11-24T00:03:36.635+0000] {logging_mixin.py:190} INFO - [2024-11-24T00:03:36.634+0000] {dag.py:3239} INFO - Sync 1 DAGs
[2024-11-24T00:03:36.648+0000] {logging_mixin.py:190} INFO - [2024-11-24T00:03:36.648+0000] {dag.py:4180} INFO - Setting next_dagrun for trigger_cdm_task to None, run_after=None
[2024-11-24T00:03:36.663+0000] {processor.py:208} INFO - Processing /opt/airflow/dags/cdm.py took 0.111 seconds
[2024-11-24T00:04:06.837+0000] {processor.py:186} INFO - Started process (PID=1204) to work on /opt/airflow/dags/cdm.py
[2024-11-24T00:04:06.884+0000] {processor.py:914} INFO - Processing file /opt/airflow/dags/cdm.py for tasks to queue
[2024-11-24T00:04:06.886+0000] {logging_mixin.py:190} INFO - [2024-11-24T00:04:06.886+0000] {dagbag.py:588} INFO - Filling up the DagBag from /opt/airflow/dags/cdm.py
[2024-11-24T00:04:06.948+0000] {processor.py:925} INFO - DAG(s) 'trigger_cdm_task' retrieved from /opt/airflow/dags/cdm.py
[2024-11-24T00:04:06.971+0000] {logging_mixin.py:190} INFO - [2024-11-24T00:04:06.971+0000] {dag.py:3239} INFO - Sync 1 DAGs
[2024-11-24T00:04:06.984+0000] {logging_mixin.py:190} INFO - [2024-11-24T00:04:06.984+0000] {dag.py:4180} INFO - Setting next_dagrun for trigger_cdm_task to None, run_after=None
[2024-11-24T00:04:07.000+0000] {processor.py:208} INFO - Processing /opt/airflow/dags/cdm.py took 0.169 seconds
[2024-11-24T00:04:37.242+0000] {processor.py:186} INFO - Started process (PID=1214) to work on /opt/airflow/dags/cdm.py
[2024-11-24T00:04:37.243+0000] {processor.py:914} INFO - Processing file /opt/airflow/dags/cdm.py for tasks to queue
[2024-11-24T00:04:37.244+0000] {logging_mixin.py:190} INFO - [2024-11-24T00:04:37.243+0000] {dagbag.py:588} INFO - Filling up the DagBag from /opt/airflow/dags/cdm.py
[2024-11-24T00:04:37.299+0000] {processor.py:925} INFO - DAG(s) 'trigger_cdm_task' retrieved from /opt/airflow/dags/cdm.py
[2024-11-24T00:04:37.321+0000] {logging_mixin.py:190} INFO - [2024-11-24T00:04:37.321+0000] {dag.py:3239} INFO - Sync 1 DAGs
[2024-11-24T00:04:37.333+0000] {logging_mixin.py:190} INFO - [2024-11-24T00:04:37.333+0000] {dag.py:4180} INFO - Setting next_dagrun for trigger_cdm_task to None, run_after=None
[2024-11-24T00:04:37.347+0000] {processor.py:208} INFO - Processing /opt/airflow/dags/cdm.py took 0.110 seconds
[2024-11-24T00:05:07.534+0000] {processor.py:186} INFO - Started process (PID=1224) to work on /opt/airflow/dags/cdm.py
[2024-11-24T00:05:07.580+0000] {processor.py:914} INFO - Processing file /opt/airflow/dags/cdm.py for tasks to queue
[2024-11-24T00:05:07.582+0000] {logging_mixin.py:190} INFO - [2024-11-24T00:05:07.581+0000] {dagbag.py:588} INFO - Filling up the DagBag from /opt/airflow/dags/cdm.py
[2024-11-24T00:05:07.636+0000] {processor.py:925} INFO - DAG(s) 'trigger_cdm_task' retrieved from /opt/airflow/dags/cdm.py
[2024-11-24T00:05:07.657+0000] {logging_mixin.py:190} INFO - [2024-11-24T00:05:07.657+0000] {dag.py:3239} INFO - Sync 1 DAGs
[2024-11-24T00:05:07.669+0000] {logging_mixin.py:190} INFO - [2024-11-24T00:05:07.669+0000] {dag.py:4180} INFO - Setting next_dagrun for trigger_cdm_task to None, run_after=None
[2024-11-24T00:05:07.684+0000] {processor.py:208} INFO - Processing /opt/airflow/dags/cdm.py took 0.156 seconds
