[2024-11-17T19:32:04.797+0000] {local_task_job_runner.py:123} INFO - ::group::Pre task execution logs
[2024-11-17T19:32:04.814+0000] {taskinstance.py:2613} INFO - Dependencies all met for dep_context=non-requeueable deps ti=<TaskInstance: my_dag.download_data manual__2024-11-17T19:32:01.865408+00:00 [queued]>
[2024-11-17T19:32:04.823+0000] {taskinstance.py:2613} INFO - Dependencies all met for dep_context=requeueable deps ti=<TaskInstance: my_dag.download_data manual__2024-11-17T19:32:01.865408+00:00 [queued]>
[2024-11-17T19:32:04.823+0000] {taskinstance.py:2866} INFO - Starting attempt 1 of 3
[2024-11-17T19:32:04.835+0000] {taskinstance.py:2889} INFO - Executing <Task(BashOperator): download_data> on 2024-11-17 19:32:01.865408+00:00
[2024-11-17T19:32:04.843+0000] {warnings.py:112} WARNING - /home/***/.local/lib/python3.12/site-packages/***/task/task_runner/standard_task_runner.py:70: DeprecationWarning: This process (pid=385) is multi-threaded, use of fork() may lead to deadlocks in the child.
  pid = os.fork()

[2024-11-17T19:32:04.844+0000] {standard_task_runner.py:72} INFO - Started process 386 to run task
[2024-11-17T19:32:04.844+0000] {standard_task_runner.py:104} INFO - Running: ['***', 'tasks', 'run', 'my_dag', 'download_data', 'manual__2024-11-17T19:32:01.865408+00:00', '--job-id', '4', '--raw', '--subdir', 'DAGS_FOLDER/test.py', '--cfg-path', '/tmp/tmpm5s29jzi']
[2024-11-17T19:32:04.845+0000] {standard_task_runner.py:105} INFO - Job 4: Subtask download_data
[2024-11-17T19:32:04.890+0000] {task_command.py:467} INFO - Running <TaskInstance: my_dag.download_data manual__2024-11-17T19:32:01.865408+00:00 [running]> on host 0276b599ff7e
[2024-11-17T19:32:04.966+0000] {taskinstance.py:3132} INFO - Exporting env vars: AIRFLOW_CTX_DAG_OWNER='***' AIRFLOW_CTX_DAG_ID='my_dag' AIRFLOW_CTX_TASK_ID='download_data' AIRFLOW_CTX_EXECUTION_DATE='2024-11-17T19:32:01.865408+00:00' AIRFLOW_CTX_TRY_NUMBER='1' AIRFLOW_CTX_DAG_RUN_ID='manual__2024-11-17T19:32:01.865408+00:00'
[2024-11-17T19:32:04.967+0000] {taskinstance.py:731} INFO - ::endgroup::
[2024-11-17T19:32:04.992+0000] {subprocess.py:78} INFO - Tmp dir root location: /tmp
[2024-11-17T19:32:04.993+0000] {subprocess.py:88} INFO - Running command: ['/usr/bin/bash', '-c', 'echo "Downloading data..."']
[2024-11-17T19:32:05.007+0000] {subprocess.py:99} INFO - Output:
[2024-11-17T19:32:05.009+0000] {subprocess.py:106} INFO - Downloading data...
[2024-11-17T19:32:05.009+0000] {subprocess.py:110} INFO - Command exited with return code 0
[2024-11-17T19:32:05.035+0000] {taskinstance.py:340} INFO - ::group::Post task execution logs
[2024-11-17T19:32:05.035+0000] {taskinstance.py:352} INFO - Marking task as SUCCESS. dag_id=my_dag, task_id=download_data, run_id=manual__2024-11-17T19:32:01.865408+00:00, execution_date=20241117T193201, start_date=20241117T193204, end_date=20241117T193205
[2024-11-17T19:32:05.059+0000] {local_task_job_runner.py:266} INFO - Task exited with return code 0
[2024-11-17T19:32:05.080+0000] {taskinstance.py:3895} INFO - 1 downstream tasks scheduled from follow-on schedule check
[2024-11-17T19:32:05.082+0000] {local_task_job_runner.py:245} INFO - ::endgroup::
