[2024-11-23T14:08:18.737+0000] {local_task_job_runner.py:123} INFO - ::group::Pre task execution logs
[2024-11-23T14:08:18.761+0000] {taskinstance.py:2613} INFO - Dependencies all met for dep_context=non-requeueable deps ti=<TaskInstance: my_dag.download_data scheduled__2024-11-22T00:00:00+00:00 [queued]>
[2024-11-23T14:08:18.774+0000] {taskinstance.py:2613} INFO - Dependencies all met for dep_context=requeueable deps ti=<TaskInstance: my_dag.download_data scheduled__2024-11-22T00:00:00+00:00 [queued]>
[2024-11-23T14:08:18.774+0000] {taskinstance.py:2866} INFO - Starting attempt 1 of 3
[2024-11-23T14:08:18.788+0000] {taskinstance.py:2889} INFO - Executing <Task(BashOperator): download_data> on 2024-11-22 00:00:00+00:00
[2024-11-23T14:08:18.798+0000] {warnings.py:112} WARNING - /home/***/.local/lib/python3.12/site-packages/***/task/task_runner/standard_task_runner.py:70: DeprecationWarning: This process (pid=1107) is multi-threaded, use of fork() may lead to deadlocks in the child.
  pid = os.fork()

[2024-11-23T14:08:18.800+0000] {standard_task_runner.py:72} INFO - Started process 1108 to run task
[2024-11-23T14:08:18.801+0000] {standard_task_runner.py:104} INFO - Running: ['***', 'tasks', 'run', 'my_dag', 'download_data', 'scheduled__2024-11-22T00:00:00+00:00', '--job-id', '31', '--raw', '--subdir', 'DAGS_FOLDER/test.py', '--cfg-path', '/tmp/tmpbxw4wogx']
[2024-11-23T14:08:18.802+0000] {standard_task_runner.py:105} INFO - Job 31: Subtask download_data
[2024-11-23T14:08:18.860+0000] {task_command.py:467} INFO - Running <TaskInstance: my_dag.download_data scheduled__2024-11-22T00:00:00+00:00 [running]> on host f16f6e21f449
[2024-11-23T14:08:18.954+0000] {taskinstance.py:3132} INFO - Exporting env vars: AIRFLOW_CTX_DAG_OWNER='***' AIRFLOW_CTX_DAG_ID='my_dag' AIRFLOW_CTX_TASK_ID='download_data' AIRFLOW_CTX_EXECUTION_DATE='2024-11-22T00:00:00+00:00' AIRFLOW_CTX_TRY_NUMBER='1' AIRFLOW_CTX_DAG_RUN_ID='scheduled__2024-11-22T00:00:00+00:00'
[2024-11-23T14:08:18.955+0000] {taskinstance.py:731} INFO - ::endgroup::
[2024-11-23T14:08:18.969+0000] {subprocess.py:78} INFO - Tmp dir root location: /tmp
[2024-11-23T14:08:18.970+0000] {subprocess.py:88} INFO - Running command: ['/usr/bin/bash', '-c', 'echo "Downloading data..."']
[2024-11-23T14:08:18.991+0000] {subprocess.py:99} INFO - Output:
[2024-11-23T14:08:18.993+0000] {subprocess.py:106} INFO - Downloading data...
[2024-11-23T14:08:18.993+0000] {subprocess.py:110} INFO - Command exited with return code 0
[2024-11-23T14:08:19.027+0000] {taskinstance.py:340} INFO - ::group::Post task execution logs
[2024-11-23T14:08:19.027+0000] {taskinstance.py:352} INFO - Marking task as SUCCESS. dag_id=my_dag, task_id=download_data, run_id=scheduled__2024-11-22T00:00:00+00:00, execution_date=20241122T000000, start_date=20241123T140818, end_date=20241123T140819
[2024-11-23T14:08:19.055+0000] {local_task_job_runner.py:266} INFO - Task exited with return code 0
[2024-11-23T14:08:19.085+0000] {taskinstance.py:3895} INFO - 1 downstream tasks scheduled from follow-on schedule check
[2024-11-23T14:08:19.086+0000] {local_task_job_runner.py:245} INFO - ::endgroup::
