[2024-11-24T00:00:04.283+0000] {local_task_job_runner.py:123} INFO - ::group::Pre task execution logs
[2024-11-24T00:00:04.303+0000] {taskinstance.py:2613} INFO - Dependencies all met for dep_context=non-requeueable deps ti=<TaskInstance: my_dag.hello_world_task scheduled__2024-11-23T00:00:00+00:00 [queued]>
[2024-11-24T00:00:04.313+0000] {taskinstance.py:2613} INFO - Dependencies all met for dep_context=requeueable deps ti=<TaskInstance: my_dag.hello_world_task scheduled__2024-11-23T00:00:00+00:00 [queued]>
[2024-11-24T00:00:04.313+0000] {taskinstance.py:2866} INFO - Starting attempt 1 of 2
[2024-11-24T00:00:04.326+0000] {taskinstance.py:2889} INFO - Executing <Task(BashOperator): hello_world_task> on 2024-11-23 00:00:00+00:00
[2024-11-24T00:00:04.334+0000] {warnings.py:112} WARNING - /home/***/.local/lib/python3.12/site-packages/***/task/task_runner/standard_task_runner.py:70: DeprecationWarning: This process (pid=735) is multi-threaded, use of fork() may lead to deadlocks in the child.
  pid = os.fork()

[2024-11-24T00:00:04.335+0000] {standard_task_runner.py:72} INFO - Started process 736 to run task
[2024-11-24T00:00:04.336+0000] {standard_task_runner.py:104} INFO - Running: ['***', 'tasks', 'run', 'my_dag', 'hello_world_task', 'scheduled__2024-11-23T00:00:00+00:00', '--job-id', '76', '--raw', '--subdir', 'DAGS_FOLDER/test.py', '--cfg-path', '/tmp/tmpi1oik0kh']
[2024-11-24T00:00:04.337+0000] {standard_task_runner.py:105} INFO - Job 76: Subtask hello_world_task
[2024-11-24T00:00:04.385+0000] {task_command.py:467} INFO - Running <TaskInstance: my_dag.hello_world_task scheduled__2024-11-23T00:00:00+00:00 [running]> on host de82a0198583
[2024-11-24T00:00:04.476+0000] {taskinstance.py:3132} INFO - Exporting env vars: AIRFLOW_CTX_DAG_OWNER='***' AIRFLOW_CTX_DAG_ID='my_dag' AIRFLOW_CTX_TASK_ID='hello_world_task' AIRFLOW_CTX_EXECUTION_DATE='2024-11-23T00:00:00+00:00' AIRFLOW_CTX_TRY_NUMBER='1' AIRFLOW_CTX_DAG_RUN_ID='scheduled__2024-11-23T00:00:00+00:00'
[2024-11-24T00:00:04.476+0000] {taskinstance.py:731} INFO - ::endgroup::
[2024-11-24T00:00:04.491+0000] {subprocess.py:78} INFO - Tmp dir root location: /tmp
[2024-11-24T00:00:04.492+0000] {subprocess.py:88} INFO - Running command: ['/usr/bin/bash', '-c', 'python -c "print(\'Hello, world!\')"']
[2024-11-24T00:00:04.510+0000] {subprocess.py:99} INFO - Output:
[2024-11-24T00:00:04.542+0000] {subprocess.py:106} INFO - Hello, world!
[2024-11-24T00:00:04.546+0000] {subprocess.py:110} INFO - Command exited with return code 0
[2024-11-24T00:00:04.574+0000] {taskinstance.py:340} INFO - ::group::Post task execution logs
[2024-11-24T00:00:04.574+0000] {taskinstance.py:352} INFO - Marking task as SUCCESS. dag_id=my_dag, task_id=hello_world_task, run_id=scheduled__2024-11-23T00:00:00+00:00, execution_date=20241123T000000, start_date=20241124T000004, end_date=20241124T000004
[2024-11-24T00:00:04.630+0000] {local_task_job_runner.py:266} INFO - Task exited with return code 0
[2024-11-24T00:00:04.646+0000] {taskinstance.py:3895} INFO - 0 downstream tasks scheduled from follow-on schedule check
[2024-11-24T00:00:04.648+0000] {local_task_job_runner.py:245} INFO - ::endgroup::
