[2024-11-17T19:32:03.625+0000] {local_task_job_runner.py:123} INFO - ::group::Pre task execution logs
[2024-11-17T19:32:03.642+0000] {taskinstance.py:2613} INFO - Dependencies all met for dep_context=non-requeueable deps ti=<TaskInstance: my_dag.ls_data manual__2024-11-17T19:32:01.865408+00:00 [queued]>
[2024-11-17T19:32:03.650+0000] {taskinstance.py:2613} INFO - Dependencies all met for dep_context=requeueable deps ti=<TaskInstance: my_dag.ls_data manual__2024-11-17T19:32:01.865408+00:00 [queued]>
[2024-11-17T19:32:03.650+0000] {taskinstance.py:2866} INFO - Starting attempt 1 of 3
[2024-11-17T19:32:03.662+0000] {taskinstance.py:2889} INFO - Executing <Task(BashOperator): ls_data> on 2024-11-17 19:32:01.865408+00:00
[2024-11-17T19:32:03.669+0000] {warnings.py:112} WARNING - /home/***/.local/lib/python3.12/site-packages/***/task/task_runner/standard_task_runner.py:70: DeprecationWarning: This process (pid=392) is multi-threaded, use of fork() may lead to deadlocks in the child.
  pid = os.fork()

[2024-11-17T19:32:03.670+0000] {standard_task_runner.py:72} INFO - Started process 393 to run task
[2024-11-17T19:32:03.671+0000] {standard_task_runner.py:104} INFO - Running: ['***', 'tasks', 'run', 'my_dag', 'ls_data', 'manual__2024-11-17T19:32:01.865408+00:00', '--job-id', '3', '--raw', '--subdir', 'DAGS_FOLDER/test.py', '--cfg-path', '/tmp/tmp8gll4hij']
[2024-11-17T19:32:03.672+0000] {standard_task_runner.py:105} INFO - Job 3: Subtask ls_data
[2024-11-17T19:32:03.716+0000] {task_command.py:467} INFO - Running <TaskInstance: my_dag.ls_data manual__2024-11-17T19:32:01.865408+00:00 [running]> on host f16f6e21f449
[2024-11-17T19:32:03.790+0000] {taskinstance.py:3132} INFO - Exporting env vars: AIRFLOW_CTX_DAG_OWNER='***' AIRFLOW_CTX_DAG_ID='my_dag' AIRFLOW_CTX_TASK_ID='ls_data' AIRFLOW_CTX_EXECUTION_DATE='2024-11-17T19:32:01.865408+00:00' AIRFLOW_CTX_TRY_NUMBER='1' AIRFLOW_CTX_DAG_RUN_ID='manual__2024-11-17T19:32:01.865408+00:00'
[2024-11-17T19:32:03.791+0000] {taskinstance.py:731} INFO - ::endgroup::
[2024-11-17T19:32:03.817+0000] {subprocess.py:78} INFO - Tmp dir root location: /tmp
[2024-11-17T19:32:03.817+0000] {subprocess.py:88} INFO - Running command: ['/usr/bin/bash', '-c', 'echo "Listing data..."']
[2024-11-17T19:32:03.831+0000] {subprocess.py:99} INFO - Output:
[2024-11-17T19:32:03.833+0000] {subprocess.py:106} INFO - Listing data...
[2024-11-17T19:32:03.834+0000] {subprocess.py:110} INFO - Command exited with return code 0
[2024-11-17T19:32:03.859+0000] {taskinstance.py:340} INFO - ::group::Post task execution logs
[2024-11-17T19:32:03.860+0000] {taskinstance.py:352} INFO - Marking task as SUCCESS. dag_id=my_dag, task_id=ls_data, run_id=manual__2024-11-17T19:32:01.865408+00:00, execution_date=20241117T193201, start_date=20241117T193203, end_date=20241117T193203
[2024-11-17T19:32:03.885+0000] {local_task_job_runner.py:266} INFO - Task exited with return code 0
[2024-11-17T19:32:03.910+0000] {taskinstance.py:3895} INFO - 1 downstream tasks scheduled from follow-on schedule check
[2024-11-17T19:32:03.911+0000] {local_task_job_runner.py:245} INFO - ::endgroup::
