[2024-11-24T00:00:01.017+0000] {local_task_job_runner.py:123} INFO - ::group::Pre task execution logs
[2024-11-24T00:00:01.035+0000] {taskinstance.py:2613} INFO - Dependencies all met for dep_context=non-requeueable deps ti=<TaskInstance: my_dag.ls_data scheduled__2024-11-23T00:00:00+00:00 [queued]>
[2024-11-24T00:00:01.043+0000] {taskinstance.py:2613} INFO - Dependencies all met for dep_context=requeueable deps ti=<TaskInstance: my_dag.ls_data scheduled__2024-11-23T00:00:00+00:00 [queued]>
[2024-11-24T00:00:01.043+0000] {taskinstance.py:2866} INFO - Starting attempt 1 of 3
[2024-11-24T00:00:01.054+0000] {taskinstance.py:2889} INFO - Executing <Task(BashOperator): ls_data> on 2024-11-23 00:00:00+00:00
[2024-11-24T00:00:01.062+0000] {warnings.py:112} WARNING - /home/***/.local/lib/python3.12/site-packages/***/task/task_runner/standard_task_runner.py:70: DeprecationWarning: This process (pid=731) is multi-threaded, use of fork() may lead to deadlocks in the child.
  pid = os.fork()

[2024-11-24T00:00:01.063+0000] {standard_task_runner.py:72} INFO - Started process 732 to run task
[2024-11-24T00:00:01.064+0000] {standard_task_runner.py:104} INFO - Running: ['***', 'tasks', 'run', 'my_dag', 'ls_data', 'scheduled__2024-11-23T00:00:00+00:00', '--job-id', '72', '--raw', '--subdir', 'DAGS_FOLDER/test.py', '--cfg-path', '/tmp/tmpc1ua40b7']
[2024-11-24T00:00:01.065+0000] {standard_task_runner.py:105} INFO - Job 72: Subtask ls_data
[2024-11-24T00:00:01.112+0000] {task_command.py:467} INFO - Running <TaskInstance: my_dag.ls_data scheduled__2024-11-23T00:00:00+00:00 [running]> on host de82a0198583
[2024-11-24T00:00:01.199+0000] {taskinstance.py:3132} INFO - Exporting env vars: AIRFLOW_CTX_DAG_OWNER='***' AIRFLOW_CTX_DAG_ID='my_dag' AIRFLOW_CTX_TASK_ID='ls_data' AIRFLOW_CTX_EXECUTION_DATE='2024-11-23T00:00:00+00:00' AIRFLOW_CTX_TRY_NUMBER='1' AIRFLOW_CTX_DAG_RUN_ID='scheduled__2024-11-23T00:00:00+00:00'
[2024-11-24T00:00:01.199+0000] {taskinstance.py:731} INFO - ::endgroup::
[2024-11-24T00:00:01.213+0000] {subprocess.py:78} INFO - Tmp dir root location: /tmp
[2024-11-24T00:00:01.213+0000] {subprocess.py:88} INFO - Running command: ['/usr/bin/bash', '-c', 'echo "Listing data..."']
[2024-11-24T00:00:01.227+0000] {subprocess.py:99} INFO - Output:
[2024-11-24T00:00:01.229+0000] {subprocess.py:106} INFO - Listing data...
[2024-11-24T00:00:01.229+0000] {subprocess.py:110} INFO - Command exited with return code 0
[2024-11-24T00:00:01.256+0000] {taskinstance.py:340} INFO - ::group::Post task execution logs
[2024-11-24T00:00:01.257+0000] {taskinstance.py:352} INFO - Marking task as SUCCESS. dag_id=my_dag, task_id=ls_data, run_id=scheduled__2024-11-23T00:00:00+00:00, execution_date=20241123T000000, start_date=20241124T000001, end_date=20241124T000001
[2024-11-24T00:00:01.277+0000] {local_task_job_runner.py:266} INFO - Task exited with return code 0
[2024-11-24T00:00:01.302+0000] {taskinstance.py:3895} INFO - 1 downstream tasks scheduled from follow-on schedule check
[2024-11-24T00:00:01.304+0000] {local_task_job_runner.py:245} INFO - ::endgroup::
